[2025-04-26T00:01:40.801] [INFO] app - GET /users/login
[2025-04-26T00:01:46.663] [INFO] app - GET /
[2025-04-26T00:01:46.723] [INFO] app - GET /
[2025-04-26T00:07:55.848] [INFO] app - GET /
[2025-04-26T00:07:55.864] [INFO] app - GET /favicon.ico
[2025-04-26T00:10:33.909] [INFO] app - GET /
[2025-04-26T00:12:08.632] [INFO] app - GET /
[2025-04-26T00:12:09.042] [INFO] app - GET /
[2025-04-26T00:20:26.696] [INFO] app - GET /login
[2025-04-26T00:20:29.357] [INFO] app - GET /
[2025-04-26T00:20:29.360] [INFO] app - GET /login
[2025-04-26T00:45:14.479] [INFO] app - GET /login
[2025-04-26T00:45:18.397] [INFO] app - GET /
[2025-04-26T00:45:18.402] [INFO] app - GET /login
[2025-04-26T00:46:30.655] [INFO] app - POST /identificarse
[2025-04-26T01:20:47.774] [INFO] app - POST /identificarse
[2025-04-26T01:21:15.630] [INFO] app - GET /
[2025-04-26T01:21:15.635] [INFO] app - GET /login
[2025-04-26T01:21:23.841] [INFO] app - POST /identificarse
[2025-04-26T01:21:29.441] [INFO] app - POST /identificarse
[2025-04-26T01:21:33.097] [INFO] app - POST /identificarse
[2025-04-26T01:23:09.337] [INFO] app - POST /identificarse
[2025-04-26T01:23:13.187] [INFO] app - GET /
[2025-04-26T01:23:13.191] [INFO] app - GET /login
[2025-04-26T01:23:13.242] [INFO] app - GET /
[2025-04-26T01:23:13.245] [INFO] app - GET /login
[2025-04-26T01:24:46.397] [INFO] app - GET /login
[2025-04-26T01:24:52.050] [INFO] app - POST /login
[2025-04-26T01:24:52.073] [WARN] app - LOGIN-ERR - Fallido: 12345678Z
[2025-04-26T01:25:02.662] [INFO] app - POST /login
[2025-04-26T01:25:02.664] [WARN] app - LOGIN-ERR - Fallido: 12345678Z
[2025-04-26T02:04:14.059] [INFO] app - POST /login
[2025-04-26T02:04:20.748] [INFO] app - GET /
[2025-04-26T02:04:20.855] [INFO] app - GET /
[2025-04-26T02:04:26.704] [INFO] app - GET /login
[2025-04-26T02:04:32.501] [INFO] app - POST /login
[2025-04-26T02:04:39.613] [INFO] app - POST /login
[2025-04-26T02:05:01.267] [INFO] app - POST /login
[2025-04-26T02:05:20.651] [INFO] app - POST /login
[2025-04-26T02:05:28.385] [INFO] app - POST /login
[2025-04-26T02:05:39.651] [INFO] app - POST /login
[2025-04-26T02:05:56.934] [INFO] app - POST /login
[2025-04-26T02:10:53.978] [INFO] app - POST /login
[2025-04-26T02:14:00.477] [INFO] app - POST /login
[2025-04-26T02:14:07.464] [INFO] app - POST /login
[2025-04-26T02:14:14.430] [INFO] app - POST /login
[2025-04-26T02:16:04.761] [INFO] app - POST /login
[2025-04-26T02:16:08.070] [INFO] app - GET /
[2025-04-26T02:16:08.273] [INFO] app - GET /
[2025-04-26T02:16:13.467] [INFO] app - GET /login
[2025-04-26T02:16:19.913] [INFO] app - POST /login
[2025-04-26T02:16:26.062] [INFO] app - POST /login
[2025-04-26T02:17:13.246] [INFO] app - POST /login
[2025-04-26T02:17:22.542] [INFO] app - POST /login
[2025-04-26T02:17:27.913] [INFO] app - POST /login
[2025-04-26T02:19:30.362] [INFO] app - POST /login
[2025-04-26T02:19:52.144] [INFO] app - POST /login
[2025-04-26T02:22:27.496] [INFO] app - POST /login
[2025-04-26T02:22:27.526] [INFO] app - GET /admin/empleados
[2025-04-26T02:22:32.569] [INFO] app - GET /login
[2025-04-26T02:22:38.994] [INFO] app - POST /login
[2025-04-26T02:22:39.001] [INFO] app - GET /admin/empleados
[2025-04-26T02:24:31.186] [INFO] app - GET /
[2025-04-26T02:24:31.494] [INFO] app - GET /
[2025-04-26T02:29:21.107] [INFO] app - GET /
[2025-04-26T02:29:23.968] [INFO] app - GET /
[2025-04-26T02:29:26.948] [INFO] app - GET /login
[2025-04-26T02:29:34.866] [INFO] app - POST /login
[2025-04-26T02:29:34.895] [INFO] app - GET /admin/empleados
[2025-04-26T02:31:38.775] [INFO] app - GET /admin/empleados
[2025-04-26T02:31:40.312] [INFO] app - GET /admin/empleados
[2025-04-26T02:31:40.921] [INFO] app - GET /admin/empleados
[2025-04-26T02:31:41.063] [INFO] app - GET /admin/empleados
[2025-04-26T02:31:41.259] [INFO] app - GET /admin/empleados
[2025-04-26T02:31:43.436] [INFO] app - GET /admin/empleados
[2025-04-26T02:31:50.879] [INFO] app - GET /admin/
[2025-04-26T02:31:56.082] [INFO] app - GET /admin/empleados
[2025-04-26T02:32:00.129] [INFO] app - GET /
[2025-04-26T02:32:00.133] [INFO] app - GET /login
[2025-04-26T02:39:37.409] [INFO] app - GET /login
[2025-04-26T02:39:38.179] [INFO] app - GET /login
[2025-04-26T02:39:40.664] [INFO] app - GET /
[2025-04-26T02:39:40.668] [INFO] app - GET /login
[2025-04-26T02:39:49.477] [INFO] app - POST /login
[2025-04-26T02:39:49.501] [INFO] app - GET /admin/empleados
[2025-04-26T02:54:14.682] [INFO] app - GET /admin/empleados
[2025-04-26T02:54:15.830] [INFO] app - GET /admin/empleados
[2025-04-26T02:54:16.606] [INFO] app - GET /admin/empleados
[2025-04-26T02:54:17.398] [INFO] app - GET /admin/empleados
[2025-04-26T02:54:17.591] [INFO] app - GET /admin/empleados
[2025-04-26T02:54:17.785] [INFO] app - GET /admin/empleados
[2025-04-26T02:54:17.950] [INFO] app - GET /admin/empleados
[2025-04-26T02:54:22.180] [INFO] app - GET /
[2025-04-26T02:54:22.187] [INFO] app - GET /login
[2025-04-26T02:54:33.836] [INFO] app - POST /login
[2025-04-26T02:54:33.861] [INFO] app - GET /admin/empleados
[2025-04-26T02:55:24.176] [INFO] app - GET /admin
[2025-04-26T02:55:29.231] [INFO] app - GET /admin/empleados
[2025-04-26T02:55:36.515] [INFO] app - GET /
[2025-04-26T02:55:36.519] [INFO] app - GET /login
[2025-04-26T02:55:47.069] [INFO] app - POST /login
[2025-04-26T02:55:47.093] [INFO] app - GET /admin/empleados
[2025-04-26T03:04:34.635] [INFO] app - GET /admin/empleados
[2025-04-26T03:04:34.641] [INFO] app - GET /login
[2025-04-26T03:04:38.340] [INFO] app - GET /
[2025-04-26T03:04:38.343] [INFO] app - GET /login
[2025-04-26T03:05:10.481] [INFO] app - POST /login
[2025-04-26T03:05:10.505] [INFO] app - GET /admin/empleados
[2025-04-26T03:05:17.043] [INFO] app - GET /
[2025-04-26T03:05:17.045] [INFO] app - GET /admin/empleados
[2025-04-26T03:05:17.894] [INFO] app - GET /
[2025-04-26T03:05:17.896] [INFO] app - GET /admin/empleados
[2025-04-26T03:05:19.787] [INFO] app - GET /logout
[2025-04-26T03:05:19.789] [INFO] app - GET /login?logout=true
[2025-04-26T03:05:25.859] [INFO] app - GET /admin/empleados
[2025-04-26T03:05:25.862] [INFO] app - GET /login
[2025-04-27T01:24:17.022] [INFO] app - GET /login
[2025-04-27T01:24:23.988] [INFO] app - GET /
[2025-04-27T01:24:23.992] [INFO] app - GET /login
[2025-04-27T01:24:34.526] [INFO] app - POST /login
[2025-04-27T01:24:34.552] [INFO] app - GET /admin/empleados
[2025-04-27T01:26:15.469] [INFO] app - GET /admin/empleados
[2025-04-27T01:26:15.474] [INFO] app - GET /login
[2025-04-27T01:26:21.824] [INFO] app - POST /login
[2025-04-27T01:26:21.852] [INFO] app - GET /admin/empleados
[2025-04-27T01:27:36.569] [INFO] app - GET /admin/empleados
[2025-04-27T01:27:36.574] [INFO] app - GET /login
[2025-04-27T01:27:42.957] [INFO] app - POST /login
[2025-04-27T01:27:42.983] [INFO] app - GET /admin/empleados
[2025-04-27T01:27:50.427] [INFO] app - GET /admin/registrar-empleado
[2025-04-27T01:30:21.472] [INFO] app - GET /admin/registrar-empleado
[2025-04-27T01:30:21.478] [INFO] app - GET /login
[2025-04-27T01:30:32.492] [INFO] app - POST /login
[2025-04-27T01:30:32.519] [INFO] app - GET /admin/empleados
[2025-04-27T01:30:33.959] [INFO] app - GET /admin/registrar-empleado
[2025-04-27T01:32:49.599] [INFO] app - GET /admin/registrar-empleado
[2025-04-27T01:32:49.605] [INFO] app - GET /login
[2025-04-27T01:32:56.603] [INFO] app - POST /login
[2025-04-27T01:32:56.630] [INFO] app - GET /admin/empleados
[2025-04-27T01:33:03.964] [INFO] app - GET /admin/empleados
[2025-04-27T01:33:04.802] [INFO] app - GET /admin/registrar-empleado
[2025-04-27T01:37:33.067] [INFO] app - GET /admin/empleados
[2025-04-27T01:37:33.073] [INFO] app - GET /login
[2025-04-27T01:37:42.268] [INFO] app - POST /login
[2025-04-27T01:37:42.293] [INFO] app - GET /admin/empleados
[2025-04-27T01:38:55.141] [INFO] app - GET /admin/empleados
[2025-04-27T01:38:55.146] [INFO] app - GET /login
[2025-04-27T01:39:09.983] [INFO] app - POST /login
[2025-04-27T01:39:10.009] [INFO] app - GET /admin/empleados
[2025-04-27T01:41:32.743] [INFO] app - GET /admin/empleados
[2025-04-27T01:41:32.748] [INFO] app - GET /login
[2025-04-27T01:41:36.732] [INFO] app - POST /login
[2025-04-27T01:41:36.758] [INFO] app - GET /admin/empleados
[2025-04-27T01:43:12.613] [INFO] app - GET /admin/empleados
[2025-04-27T01:43:12.620] [INFO] app - GET /login
[2025-04-27T01:43:16.833] [INFO] app - POST /login
[2025-04-27T01:43:16.860] [INFO] app - GET /admin/empleados
[2025-04-27T01:43:21.329] [INFO] app - GET /
[2025-04-27T01:43:21.331] [INFO] app - GET /admin/empleados
[2025-04-27T01:43:22.457] [INFO] app - GET /
[2025-04-27T01:43:22.459] [INFO] app - GET /admin/empleados
[2025-04-27T01:43:23.043] [INFO] app - GET /
[2025-04-27T01:43:23.045] [INFO] app - GET /admin/empleados
[2025-04-27T01:43:23.494] [INFO] app - GET /
[2025-04-27T01:43:23.496] [INFO] app - GET /admin/empleados
[2025-04-27T01:44:13.060] [INFO] app - GET /admin/empleados
[2025-04-27T01:44:13.065] [INFO] app - GET /login
[2025-04-27T01:44:21.197] [INFO] app - POST /login
[2025-04-27T01:44:21.224] [INFO] app - GET /admin/empleados
[2025-04-27T01:44:22.604] [INFO] app - GET /admin/empleados
[2025-04-27T01:44:23.480] [INFO] app - GET /admin/registrar-empleado
[2025-04-27T01:44:23.891] [INFO] app - GET /admin/empleados
[2025-04-27T01:44:24.646] [INFO] app - GET /admin/registrar-empleado
[2025-04-27T01:44:25.279] [INFO] app - GET /admin/empleados
[2025-04-27T01:44:26.626] [INFO] app - GET /admin/registrar-empleado
[2025-04-27T01:44:27.283] [INFO] app - GET /admin/empleados
[2025-04-27T01:44:29.014] [INFO] app - GET /
[2025-04-27T01:44:29.017] [INFO] app - GET /admin/empleados
[2025-04-27T01:44:29.560] [INFO] app - GET /admin/empleados
[2025-04-27T01:44:30.046] [INFO] app - GET /admin/registrar-empleado
[2025-04-27T01:44:31.605] [INFO] app - GET /admin/empleados
[2025-04-27T01:44:33.857] [INFO] app - GET /
[2025-04-27T01:44:33.859] [INFO] app - GET /admin/empleados
[2025-04-27T01:44:34.731] [INFO] app - GET /admin/registrar-empleado
[2025-04-27T01:44:51.156] [INFO] app - POST /admin/registrar-empleado
[2025-04-27T01:46:09.161] [INFO] app - POST /admin/registrar-empleado
[2025-04-27T01:46:09.169] [INFO] app - GET /login
[2025-04-27T01:46:14.921] [INFO] app - POST /login
[2025-04-27T01:46:23.137] [INFO] app - POST /login
[2025-04-27T01:47:37.967] [INFO] app - POST /login
[2025-04-27T01:47:37.994] [INFO] app - GET /admin/empleados
[2025-04-27T01:47:44.238] [INFO] app - POST /login
[2025-04-27T01:47:44.242] [INFO] app - GET /admin/empleados
[2025-04-27T01:47:46.240] [INFO] app - GET /logout
[2025-04-27T01:47:46.243] [INFO] app - GET /login?logout=true
[2025-04-27T01:47:54.487] [INFO] app - POST /login
[2025-04-27T01:47:54.491] [INFO] app - GET /admin/empleados
[2025-04-27T01:48:02.345] [INFO] app - GET /admin/empleados
[2025-04-27T01:48:02.351] [INFO] app - GET /login
[2025-04-27T01:48:09.213] [INFO] app - POST /login
[2025-04-27T01:48:09.238] [INFO] app - GET /admin/empleados
[2025-04-27T01:48:11.585] [INFO] app - GET /admin/registrar-empleado
[2025-04-27T01:48:18.204] [INFO] app - POST /admin/registrar-empleado
[2025-04-27T01:48:22.325] [INFO] app - GET /admin/empleados
[2025-04-27T01:50:19.241] [INFO] app - GET /admin/registrar-empleado
[2025-04-27T01:54:22.731] [INFO] app - GET /admin/registrar-empleado
[2025-04-27T01:54:22.737] [INFO] app - GET /login
[2025-04-27T01:54:29.159] [INFO] app - POST /login
[2025-04-27T01:54:29.186] [INFO] app - GET /admin/empleados
[2025-04-27T01:54:33.379] [INFO] app - GET /admin/registrar-empleado
[2025-04-27T01:54:41.200] [INFO] app - POST /admin/registrar-empleado
[2025-04-27T01:55:51.400] [INFO] app - POST /admin/registrar-empleado
[2025-04-27T01:56:35.317] [INFO] app - GET /admin/empleados
[2025-04-27T01:57:43.294] [INFO] app - GET /admin/empleados
[2025-04-27T01:57:43.300] [INFO] app - GET /login
[2025-04-27T01:57:49.724] [INFO] app - POST /login
[2025-04-27T01:57:49.750] [INFO] app - GET /admin/empleados
[2025-04-27T01:58:54.987] [INFO] app - GET /admin/empleados
[2025-04-27T01:58:54.994] [INFO] app - GET /login
[2025-04-27T01:59:00.672] [INFO] app - POST /login
[2025-04-27T01:59:00.697] [INFO] app - GET /admin/empleados
[2025-04-27T02:02:38.312] [INFO] app - GET /admin/empleados
[2025-04-27T02:02:38.318] [INFO] app - GET /login
[2025-04-27T02:02:45.221] [INFO] app - POST /login
[2025-04-27T02:02:45.247] [INFO] app - GET /admin/empleados
[2025-04-27T02:02:56.040] [INFO] app - GET /logout
[2025-04-27T02:02:56.043] [INFO] app - GET /login?logout=true
[2025-04-27T02:07:13.875] [INFO] app - GET /login?logout=true
[2025-04-27T02:07:21.288] [INFO] app - POST /login
[2025-04-27T02:07:21.314] [INFO] app - GET /admin/empleados
[2025-04-27T02:07:22.445] [INFO] app - GET /admin/empleados
[2025-04-27T02:07:23.171] [INFO] app - GET /admin/registrar-empleado
[2025-04-27T02:07:47.294] [INFO] app - POST /admin/registrar-empleado
[2025-04-27T02:07:52.819] [INFO] app - GET /admin/empleados
[2025-04-27T02:11:44.445] [INFO] app - GET /admin/empleados
[2025-04-27T02:11:44.450] [INFO] app - GET /login
[2025-04-27T02:11:53.651] [INFO] app - POST /login
[2025-04-27T02:11:53.675] [INFO] app - GET /admin/empleados
[2025-04-27T02:12:01.370] [INFO] app - GET /admin/vehiculos
[2025-04-27T02:12:07.658] [INFO] app - GET /admin/registrar-vehiculo
[2025-04-27T02:12:58.758] [INFO] app - POST /admin/registrar-vehiculo
[2025-04-27T02:12:58.780] [INFO] app - GET /admin/vehiculos
[2025-04-27T02:17:04.842] [INFO] app - GET /admin/vehiculos
[2025-04-27T02:17:05.875] [INFO] app - GET /admin/vehiculos
[2025-04-27T02:17:06.439] [INFO] app - GET /admin/vehiculos
[2025-04-27T02:17:06.614] [INFO] app - GET /admin/vehiculos
[2025-04-27T02:17:09.975] [INFO] app - GET /admin/vehiculos
[2025-04-27T02:17:12.939] [INFO] app - GET /
[2025-04-27T02:17:12.943] [INFO] app - GET /login
[2025-04-27T02:17:53.747] [INFO] app - POST /login
[2025-04-27T02:17:53.778] [INFO] app - GET /admin/empleados
[2025-04-27T02:17:59.625] [INFO] app - GET /admin/editar-empleado/680d70c22c78fb43afe1420f
[2025-04-27T02:20:35.357] [INFO] app - GET /admin/editar-empleado/680d70c22c78fb43afe1420f
[2025-04-27T02:20:35.363] [INFO] app - GET /login
[2025-04-27T02:21:37.818] [INFO] app - GET /login
[2025-04-27T02:21:42.511] [INFO] app - POST /login
[2025-04-27T02:21:42.536] [INFO] app - GET /admin/empleados
[2025-04-27T02:21:45.753] [INFO] app - GET /admin/editar-empleado/680d70c22c78fb43afe1420f
[2025-04-27T02:27:22.532] [INFO] app - GET /admin/editar-empleado/680d70c22c78fb43afe1420f
[2025-04-27T02:27:22.537] [INFO] app - GET /login
[2025-04-27T02:27:28.626] [INFO] app - POST /login
[2025-04-27T02:27:28.651] [INFO] app - GET /admin/empleados
[2025-04-27T02:27:30.635] [INFO] app - GET /admin/editar-empleado/680d70c22c78fb43afe1420f
[2025-04-27T02:27:44.067] [INFO] app - POST /admin/editar-empleado/680d70c22c78fb43afe1420f
[2025-04-27T02:27:44.072] [INFO] app - GET /admin/empleados
[2025-04-27T02:28:50.471] [INFO] app - GET /admin/empleados?pagina=1
[2025-04-27T02:28:55.673] [INFO] app - GET /admin/registrar-empleado
[2025-04-27T02:29:18.183] [INFO] app - POST /admin/registrar-empleado
[2025-04-27T02:29:30.966] [INFO] app - POST /admin/registrar-empleado
[2025-04-27T02:29:42.234] [INFO] app - POST /admin/registrar-empleado
[2025-04-27T02:29:59.465] [INFO] app - POST /admin/registrar-empleado
[2025-04-27T02:30:03.305] [INFO] app - GET /admin/empleados
[2025-04-27T02:30:05.002] [INFO] app - GET /admin/empleados?pagina=2
[2025-04-27T02:30:06.113] [INFO] app - GET /admin/empleados?pagina=1
[2025-04-27T02:30:13.822] [INFO] app - GET /admin/editar-empleado/680c27003dd540d8f21633e7
[2025-04-27T02:36:17.734] [INFO] app - GET /admin/empleados?pagina=1
[2025-04-27T02:36:17.740] [INFO] app - GET /login
[2025-04-27T02:36:25.921] [INFO] app - POST /login
[2025-04-27T02:36:25.947] [INFO] app - GET /admin/empleados
[2025-04-27T02:36:28.694] [INFO] app - GET /admin/registrar-vehiculo
[2025-04-27T02:36:30.597] [INFO] app - GET /admin/vehiculos
[2025-04-27T02:38:11.652] [INFO] app - GET /admin/vehiculos
[2025-04-27T02:38:11.658] [INFO] app - GET /login
[2025-04-27T02:38:18.837] [INFO] app - POST /login
[2025-04-27T02:38:18.862] [INFO] app - GET /admin/empleados
[2025-04-27T02:38:20.413] [INFO] app - GET /admin/vehiculos
[2025-04-27T02:39:17.786] [INFO] app - GET /admin/vehiculos
[2025-04-27T02:39:17.793] [INFO] app - GET /login
[2025-04-27T02:39:22.070] [INFO] app - POST /login
[2025-04-27T02:39:22.098] [INFO] app - GET /admin/empleados
[2025-04-27T02:39:23.597] [INFO] app - GET /admin/vehiculos
[2025-04-27T02:39:32.462] [INFO] app - POST /admin/vehiculos/borrar
[2025-04-27T02:40:24.629] [INFO] app - POST /admin/vehiculos/borrar
[2025-04-27T02:40:24.635] [INFO] app - GET /login
[2025-04-27T02:40:28.776] [INFO] app - POST /login
[2025-04-27T02:40:28.802] [INFO] app - GET /admin/empleados
[2025-04-27T02:40:30.556] [INFO] app - GET /admin/vehiculos
[2025-04-27T02:40:32.795] [INFO] app - POST /admin/vehiculos/borrar
[2025-04-27T02:40:32.799] [INFO] app - GET /admin/vehiculos
[2025-04-27T19:14:44.552] [INFO] app - GET /admin/vehiculos
[2025-04-27T19:14:44.561] [INFO] app - GET /login
[2025-04-27T19:14:44.596] [INFO] app - GET /favicon.ico
[2025-04-27T19:17:00.521] [INFO] app - GET /login
[2025-04-27T19:17:40.493] [INFO] app - POST /login
[2025-04-27T19:17:40.534] [INFO] app - GET /admin/empleados
[2025-04-27T19:17:43.539] [INFO] app - GET /admin/vehiculos
[2025-04-27T19:17:44.075] [INFO] app - GET /admin/registrar-vehiculo
[2025-04-27T19:17:44.725] [INFO] app - GET /admin/registrar-empleado
[2025-04-27T19:17:45.268] [INFO] app - GET /admin/empleados
[2025-04-27T19:24:35.200] [INFO] app - GET /admin/empleados
[2025-04-27T19:24:35.206] [INFO] app - GET /login
[2025-04-27T19:25:13.348] [INFO] app - POST /login
[2025-04-27T19:25:39.057] [INFO] app - POST /login
[2025-04-27T19:26:19.924] [INFO] app - POST /login
[2025-04-27T19:26:19.930] [INFO] app - GET /admin/empleados
[2025-04-27T19:26:21.124] [INFO] app - GET /logout
[2025-04-27T19:26:21.127] [INFO] app - GET /login?logout=true
[2025-04-27T19:29:11.992] [INFO] app - POST /login
[2025-04-27T19:29:11.996] [INFO] app - GET /trayectos/mis-trayectos
[2025-04-27T19:29:30.961] [INFO] app - GET /trayectos/mis-trayectos
[2025-04-27T19:29:31.990] [INFO] app - GET /trayectos/iniciar
[2025-04-27T19:29:44.564] [INFO] app - GET /logout
[2025-04-27T19:29:44.567] [INFO] app - GET /login?logout=true
[2025-04-27T19:29:55.324] [INFO] app - POST /login
[2025-04-27T19:29:55.327] [INFO] app - GET /admin/empleados
[2025-04-27T19:29:58.232] [INFO] app - GET /admin/registrar-vehiculo
[2025-04-27T19:30:11.388] [INFO] app - POST /admin/registrar-vehiculo
[2025-04-27T19:30:11.397] [INFO] app - GET /admin/vehiculos
[2025-04-27T19:30:13.184] [INFO] app - GET /logout
[2025-04-27T19:30:13.186] [INFO] app - GET /login?logout=true
[2025-04-27T19:30:18.289] [INFO] app - POST /login
[2025-04-27T19:30:18.292] [INFO] app - GET /trayectos/mis-trayectos
[2025-04-27T19:30:21.959] [INFO] app - GET /trayectos/iniciar
[2025-04-27T19:30:24.055] [INFO] app - POST /trayectos/iniciar
[2025-04-27T19:30:24.071] [INFO] app - GET /trayectos/mis-trayectos
[2025-04-27T19:30:37.460] [INFO] app - GET /trayectos/mis-trayectos
[2025-04-27T19:37:45.227] [INFO] app - GET /trayectos/mis-trayectos
[2025-04-27T19:37:45.233] [INFO] app - GET /login
[2025-04-27T19:37:59.428] [INFO] app - POST /login
[2025-04-27T19:37:59.453] [INFO] app - GET /trayectos/mis-trayectos
[2025-04-27T19:38:04.386] [INFO] app - GET /trayectos/finalizar
[2025-04-27T19:38:22.620] [INFO] app - POST /trayectos/finalizar
[2025-04-27T19:38:22.626] [INFO] app - GET /trayectos/historial/1234ABC
[2025-04-27T19:38:25.241] [INFO] app - GET /trayectos/historial
[2025-04-27T19:38:28.092] [INFO] app - GET /trayectos/historial/1234ABC
